0 info it worked if it ends with ok
1 verbose cli [ '/Users/antonio_voce/.nvm/versions/node/v6.11.3/bin/node',
1 verbose cli   '/Users/antonio_voce/.nvm/versions/node/v6.11.3/bin/npm',
1 verbose cli   'install' ]
2 info using npm@3.10.10
3 info using node@v6.11.3
4 silly loadCurrentTree Starting
5 silly install loadCurrentTree
6 silly install readLocalPackageData
7 silly install normalizeTree
8 silly loadCurrentTree Finishing
9 silly loadIdealTree Starting
10 silly install loadIdealTree
11 silly cloneCurrentTree Starting
12 silly install cloneCurrentTreeToIdealTree
13 silly cloneCurrentTree Finishing
14 silly loadShrinkwrap Starting
15 silly install loadShrinkwrap
16 silly loadShrinkwrap Finishing
17 silly loadAllDepsIntoIdealTree Starting
18 silly install loadAllDepsIntoIdealTree
19 silly loadAllDepsIntoIdealTree Finishing
20 silly loadIdealTree Finishing
21 silly currentTree kahuna
21 silly currentTree ├── ajv@5.2.3
21 silly currentTree ├── align-text@0.1.4
21 silly currentTree ├── amdefine@1.0.1
21 silly currentTree ├── ansi-regex@0.2.1
21 silly currentTree ├── ansi-styles@1.1.0
21 silly currentTree ├── arr-diff@2.0.0
21 silly currentTree ├── arr-flatten@1.1.0
21 silly currentTree ├── array-each@1.0.1
21 silly currentTree ├── array-slice@1.0.0
21 silly currentTree ├── array-unique@0.2.1
21 silly currentTree ├── asap@1.0.0
21 silly currentTree ├── asn1@0.2.3
21 silly currentTree ├── assert-plus@1.0.0
21 silly currentTree ├── async@0.2.10
21 silly currentTree ├── asynckit@0.4.0
21 silly currentTree ├── aws-sign2@0.7.0
21 silly currentTree ├── aws4@1.6.0
21 silly currentTree ├── balanced-match@1.0.0
21 silly currentTree ├── bcrypt-pbkdf@1.0.1
21 silly currentTree ├─┬ bl@0.9.5
21 silly currentTree │ ├── isarray@0.0.1
21 silly currentTree │ ├── readable-stream@1.0.34
21 silly currentTree │ └── string_decoder@0.10.31
21 silly currentTree ├── block-stream@0.0.9
21 silly currentTree ├── bluebird@2.11.0
21 silly currentTree ├── boom@4.3.1
21 silly currentTree ├── brace-expansion@1.1.8
21 silly currentTree ├── braces@1.8.5
21 silly currentTree ├── buffer-crc32@0.2.13
21 silly currentTree ├─┬ bulk-require@0.2.1
21 silly currentTree │ ├── glob@3.2.11
21 silly currentTree │ └── minimatch@0.3.0
21 silly currentTree ├── camelcase@1.2.1
21 silly currentTree ├── caseless@0.12.0
21 silly currentTree ├── center-align@0.1.3
21 silly currentTree ├── chalk@0.5.1
21 silly currentTree ├── cjson@0.3.3
21 silly currentTree ├── cli-table@0.3.1
21 silly currentTree ├─┬ cli@1.0.1
21 silly currentTree │ ├── glob@7.1.2
21 silly currentTree │ └── minimatch@3.0.4
21 silly currentTree ├── cliui@2.1.0
21 silly currentTree ├── co@4.6.0
21 silly currentTree ├── colors@1.0.3
21 silly currentTree ├── combined-stream@1.0.5
21 silly currentTree ├── commander@2.6.0
21 silly currentTree ├── concat-map@0.0.1
21 silly currentTree ├── console-browserify@1.1.0
21 silly currentTree ├── core-js@1.2.7
21 silly currentTree ├── core-util-is@1.0.2
21 silly currentTree ├─┬ cryptiles@3.1.2
21 silly currentTree │ └── boom@5.2.0
21 silly currentTree ├── ctype@0.5.3
21 silly currentTree ├── cycle@1.0.3
21 silly currentTree ├── d@1.0.0
21 silly currentTree ├── dashdash@1.14.1
21 silly currentTree ├── date-now@0.1.4
21 silly currentTree ├── decamelize@1.2.0
21 silly currentTree ├── deep-equal@1.0.1
21 silly currentTree ├── delayed-stream@1.0.0
21 silly currentTree ├── detect-file@0.1.0
21 silly currentTree ├─┬ dom-serializer@0.1.0
21 silly currentTree │ └── domelementtype@1.1.3
21 silly currentTree ├── domelementtype@1.3.0
21 silly currentTree ├── domhandler@2.4.1
21 silly currentTree ├── domutils@1.6.2
21 silly currentTree ├── ecc-jsbn@0.1.1
21 silly currentTree ├── entities@1.1.1
21 silly currentTree ├── err-code@1.1.2
21 silly currentTree ├── es5-ext@0.10.30
21 silly currentTree ├── es6-iterator@2.0.1
21 silly currentTree ├── es6-module-loader@0.17.11
21 silly currentTree ├── es6-symbol@3.1.1
21 silly currentTree ├── es6-template-strings@2.0.1
21 silly currentTree ├── escape-string-regexp@1.0.5
21 silly currentTree ├── esniff@1.1.0
21 silly currentTree ├── esprima-harmony-jscs@1.1.0-bin
21 silly currentTree ├── esprima@1.2.5
21 silly currentTree ├── estraverse@1.9.3
21 silly currentTree ├── exit@0.1.2
21 silly currentTree ├── expand-brackets@0.1.5
21 silly currentTree ├── expand-range@1.8.2
21 silly currentTree ├── expand-tilde@1.2.2
21 silly currentTree ├── extend@1.3.0
21 silly currentTree ├── extglob@0.3.2
21 silly currentTree ├── extsprintf@1.3.0
21 silly currentTree ├── eyes@0.1.8
21 silly currentTree ├── fast-deep-equal@1.0.0
21 silly currentTree ├── fd-slicer@1.0.1
21 silly currentTree ├── filename-regex@2.0.1
21 silly currentTree ├── fill-range@2.2.3
21 silly currentTree ├─┬ findup-sync@0.1.3
21 silly currentTree │ ├── glob@3.2.11
21 silly currentTree │ └── minimatch@0.3.0
21 silly currentTree ├─┬ fined@1.1.0
21 silly currentTree │ └── expand-tilde@2.0.2
21 silly currentTree ├── flagged-respawn@0.3.2
21 silly currentTree ├── for-in@1.0.2
21 silly currentTree ├── for-own@0.1.5
21 silly currentTree ├── forever-agent@0.6.1
21 silly currentTree ├── form-data@2.3.1
21 silly currentTree ├── fs-exists-sync@0.1.0
21 silly currentTree ├── fs.realpath@1.0.0
21 silly currentTree ├── fstream@1.0.11
21 silly currentTree ├── generate-function@2.0.0
21 silly currentTree ├── generate-object-property@1.2.0
21 silly currentTree ├── get-stdin@4.0.1
21 silly currentTree ├── getpass@0.1.7
21 silly currentTree ├── glob-base@0.3.0
21 silly currentTree ├── glob-parent@2.0.0
21 silly currentTree ├── glob@4.5.3
21 silly currentTree ├── global-modules@0.2.3
21 silly currentTree ├── global-prefix@0.1.5
21 silly currentTree ├── graceful-fs@4.1.11
21 silly currentTree ├── har-schema@2.0.0
21 silly currentTree ├── har-validator@5.0.3
21 silly currentTree ├── has-ansi@0.1.0
21 silly currentTree ├── hawk@6.0.2
21 silly currentTree ├── hoek@4.2.0
21 silly currentTree ├── homedir-polyfill@1.0.1
21 silly currentTree ├── htmllint-cli@0.0.4
21 silly currentTree ├── htmllint@0.2.7
21 silly currentTree ├── htmlparser2@3.9.2
21 silly currentTree ├── http-signature@1.2.0
21 silly currentTree ├── i@0.3.6
21 silly currentTree ├── inflight@1.0.6
21 silly currentTree ├── inherits@2.0.3
21 silly currentTree ├── ini@1.3.4
21 silly currentTree ├── is-absolute@0.2.6
21 silly currentTree ├── is-buffer@1.1.5
21 silly currentTree ├── is-dotfile@1.0.3
21 silly currentTree ├── is-equal-shallow@0.1.3
21 silly currentTree ├── is-extendable@0.1.1
21 silly currentTree ├── is-extglob@1.0.0
21 silly currentTree ├── is-glob@2.0.1
21 silly currentTree ├── is-my-json-valid@2.16.1
21 silly currentTree ├── is-number@2.1.0
21 silly currentTree ├─┬ is-plain-object@2.0.4
21 silly currentTree │ └── isobject@3.0.1
21 silly currentTree ├── is-posix-bracket@0.1.1
21 silly currentTree ├── is-primitive@2.0.0
21 silly currentTree ├── is-property@1.0.2
21 silly currentTree ├── is-relative@0.2.1
21 silly currentTree ├── is-typedarray@1.0.0
21 silly currentTree ├── is-unc-path@0.1.2
21 silly currentTree ├── is-windows@0.2.0
21 silly currentTree ├── is@0.2.7
21 silly currentTree ├── isarray@1.0.0
21 silly currentTree ├── isexe@2.0.0
21 silly currentTree ├── isobject@2.1.0
21 silly currentTree ├── isstream@0.1.2
21 silly currentTree ├── jju@1.3.0
21 silly currentTree ├── jsbn@0.1.1
21 silly currentTree ├─┬ jscs@1.13.1
21 silly currentTree │ ├── ansi-regex@1.1.1
21 silly currentTree │ ├── ansi-styles@2.2.1
21 silly currentTree │ ├── chalk@1.0.0
21 silly currentTree │ ├── glob@5.0.15
21 silly currentTree │ ├── has-ansi@1.0.3
21 silly currentTree │ ├── strip-ansi@2.0.1
21 silly currentTree │ └── supports-color@1.3.1
21 silly currentTree ├─┬ jshint@2.9.5
21 silly currentTree │ ├── domhandler@2.3.0
21 silly currentTree │ ├── domutils@1.5.1
21 silly currentTree │ ├── entities@1.0.0
21 silly currentTree │ ├── htmlparser2@3.8.3
21 silly currentTree │ ├── isarray@0.0.1
21 silly currentTree │ ├── lodash@3.7.0
21 silly currentTree │ ├── minimatch@3.0.4
21 silly currentTree │ ├── readable-stream@1.1.14
21 silly currentTree │ └── string_decoder@0.10.31
21 silly currentTree ├── json-parse-helpfulerror@1.0.3
21 silly currentTree ├── json-schema-traverse@0.3.1
21 silly currentTree ├── json-schema@0.2.3
21 silly currentTree ├── json-stable-stringify@1.0.1
21 silly currentTree ├── json-stringify-safe@5.0.1
21 silly currentTree ├── jsonify@0.0.0
21 silly currentTree ├── jsonpointer@4.0.1
21 silly currentTree ├─┬ jspm-github@0.13.18
21 silly currentTree │ └── semver@5.4.1
21 silly currentTree ├─┬ jspm-npm@0.25.3
21 silly currentTree │ ├── ansi-regex@2.1.1
21 silly currentTree │ ├── ansi-styles@2.2.1
21 silly currentTree │ ├── asn1@0.1.11
21 silly currentTree │ ├── assert-plus@0.1.5
21 silly currentTree │ ├── async@2.5.0
21 silly currentTree │ ├── aws-sign2@0.5.0
21 silly currentTree │ ├── boom@2.10.1
21 silly currentTree │ ├── caseless@0.10.0
21 silly currentTree │ ├── chalk@1.1.3
21 silly currentTree │ ├── commander@2.11.0
21 silly currentTree │ ├── cryptiles@2.0.5
21 silly currentTree │ ├── extend@2.0.1
21 silly currentTree │ ├─┬ form-data@1.0.1
21 silly currentTree │ │ └── mime-types@2.1.17
21 silly currentTree │ ├── glob@5.0.15
21 silly currentTree │ ├── graceful-fs@3.0.11
21 silly currentTree │ ├── har-validator@1.8.0
21 silly currentTree │ ├── has-ansi@2.0.0
21 silly currentTree │ ├── hawk@2.3.1
21 silly currentTree │ ├── hoek@2.16.3
21 silly currentTree │ ├── http-signature@0.11.0
21 silly currentTree │ ├── lodash@4.17.4
21 silly currentTree │ ├─┬ mime-types@2.0.14
21 silly currentTree │ │ └── mime-db@1.12.0
21 silly currentTree │ ├── qs@3.1.0
21 silly currentTree │ ├── request@2.58.0
21 silly currentTree │ ├── resolve@1.4.0
21 silly currentTree │ ├── semver@5.4.1
21 silly currentTree │ ├── sntp@1.0.9
21 silly currentTree │ ├── strip-ansi@3.0.1
21 silly currentTree │ ├── supports-color@2.0.0
21 silly currentTree │ ├── tar@1.0.3
21 silly currentTree │ └── tunnel-agent@0.4.3
21 silly currentTree ├── jspm-registry@0.4.4
21 silly currentTree ├─┬ jspm@0.16.19
21 silly currentTree │ ├── ansi-regex@2.1.1
21 silly currentTree │ ├── ansi-styles@2.2.1
21 silly currentTree │ ├── chalk@1.1.3
21 silly currentTree │ ├── extend@3.0.1
21 silly currentTree │ ├── findup-sync@0.4.3
21 silly currentTree │ ├── glob@6.0.4
21 silly currentTree │ ├── has-ansi@2.0.0
21 silly currentTree │ ├── liftoff@2.3.0
21 silly currentTree │ ├── minimatch@3.0.4
21 silly currentTree │ ├── ncp@2.0.0
21 silly currentTree │ ├── resolve@1.4.0
21 silly currentTree │ ├── semver@5.4.1
21 silly currentTree │ ├── strip-ansi@3.0.1
21 silly currentTree │ └── supports-color@2.0.0
21 silly currentTree ├── jsprim@1.4.1
21 silly currentTree ├── kind-of@3.2.2
21 silly currentTree ├── lazy-cache@1.0.4
21 silly currentTree ├── liftoff@0.12.1
21 silly currentTree ├── lodash._baseassign@3.2.0
21 silly currentTree ├── lodash._basecopy@3.0.1
21 silly currentTree ├── lodash._bindcallback@3.0.1
21 silly currentTree ├── lodash._createassigner@3.1.1
21 silly currentTree ├── lodash._getnative@3.9.1
21 silly currentTree ├── lodash._isiterateecall@3.0.9
21 silly currentTree ├── lodash.assign@3.0.0
21 silly currentTree ├── lodash.isarguments@3.1.0
21 silly currentTree ├── lodash.isarray@3.0.4
21 silly currentTree ├── lodash.isplainobject@4.0.6
21 silly currentTree ├── lodash.isstring@4.0.1
21 silly currentTree ├── lodash.keys@3.1.2
21 silly currentTree ├── lodash.mapvalues@4.6.0
21 silly currentTree ├── lodash.restparam@3.6.1
21 silly currentTree ├── lodash@2.4.2
21 silly currentTree ├── longest@1.0.1
21 silly currentTree ├── lru-cache@2.7.3
21 silly currentTree ├── map-cache@0.2.2
21 silly currentTree ├── micromatch@2.3.11
21 silly currentTree ├── mime-db@1.30.0
21 silly currentTree ├── mime-types@2.1.17
21 silly currentTree ├── minimatch@2.0.10
21 silly currentTree ├── minimist@0.2.0
21 silly currentTree ├─┬ mkdirp@0.5.1
21 silly currentTree │ └── minimist@0.0.8
21 silly currentTree ├── mute-stream@0.0.7
21 silly currentTree ├── natives@1.1.0
21 silly currentTree ├── ncp@0.4.2
21 silly currentTree ├── netrc@0.1.4
21 silly currentTree ├── node-uuid@1.4.8
21 silly currentTree ├── node.extend@1.0.8
21 silly currentTree ├── node.flow@1.2.3
21 silly currentTree ├── normalize-path@2.1.1
21 silly currentTree ├── oauth-sign@0.8.2
21 silly currentTree ├── object-keys@0.4.0
21 silly currentTree ├─┬ object.defaults@1.1.0
21 silly currentTree │ ├── for-own@1.0.0
21 silly currentTree │ └── isobject@3.0.1
21 silly currentTree ├── object.omit@2.0.1
21 silly currentTree ├─┬ object.pick@1.3.0
21 silly currentTree │ └── isobject@3.0.1
21 silly currentTree ├── once@1.4.0
21 silly currentTree ├── os-homedir@1.0.2
21 silly currentTree ├── parse-filepath@1.0.1
21 silly currentTree ├── parse-glob@3.0.4
21 silly currentTree ├── parse-passwd@1.0.0
21 silly currentTree ├── path-is-absolute@1.0.1
21 silly currentTree ├── path-parse@1.0.5
21 silly currentTree ├── path-root-regex@0.1.2
21 silly currentTree ├── path-root@0.1.1
21 silly currentTree ├── pathval@0.1.1
21 silly currentTree ├── pend@1.2.0
21 silly currentTree ├── performance-now@2.1.0
21 silly currentTree ├── pkginfo@0.4.1
21 silly currentTree ├── preserve@0.2.0
21 silly currentTree ├── process-nextick-args@1.0.7
21 silly currentTree ├── promise@6.1.0
21 silly currentTree ├── prompt@0.2.14
21 silly currentTree ├─┬ proper-lockfile@1.2.0
21 silly currentTree │ └── extend@3.0.1
21 silly currentTree ├── punycode@1.4.1
21 silly currentTree ├── qs@6.5.1
21 silly currentTree ├─┬ randomatic@1.1.7
21 silly currentTree │ ├─┬ is-number@3.0.0
21 silly currentTree │ │ └── kind-of@3.2.2
21 silly currentTree │ └── kind-of@4.0.0
21 silly currentTree ├── read@1.0.7
21 silly currentTree ├── readable-stream@2.3.3
21 silly currentTree ├─┬ rechoir@0.6.2
21 silly currentTree │ └── resolve@1.4.0
21 silly currentTree ├── regex-cache@0.4.4
21 silly currentTree ├── remove-trailing-separator@1.1.0
21 silly currentTree ├── repeat-element@1.1.2
21 silly currentTree ├── repeat-string@1.6.1
21 silly currentTree ├─┬ request@2.83.0
21 silly currentTree │ ├── extend@3.0.1
21 silly currentTree │ └── uuid@3.1.0
21 silly currentTree ├── resolve-dir@0.1.1
21 silly currentTree ├── resolve@0.7.4
21 silly currentTree ├── retry@0.10.1
21 silly currentTree ├── revalidator@0.1.8
21 silly currentTree ├── right-align@0.1.3
21 silly currentTree ├─┬ rimraf@2.6.2
21 silly currentTree │ ├── glob@7.1.2
21 silly currentTree │ └── minimatch@3.0.4
21 silly currentTree ├── rmdir@1.1.0
21 silly currentTree ├── rsvp@3.6.2
21 silly currentTree ├── safe-buffer@5.1.1
21 silly currentTree ├── semver@4.3.6
21 silly currentTree ├── shelljs@0.3.0
21 silly currentTree ├── sigmund@1.0.1
21 silly currentTree ├── sntp@2.0.2
21 silly currentTree ├─┬ source-map-support@0.2.10
21 silly currentTree │ └── source-map@0.1.32
21 silly currentTree ├── source-map@0.5.7
21 silly currentTree ├── sshpk@1.13.1
21 silly currentTree ├── stack-trace@0.0.10
21 silly currentTree ├── string_decoder@1.0.3
21 silly currentTree ├── stringstream@0.0.5
21 silly currentTree ├── strip-ansi@0.3.0
21 silly currentTree ├── strip-json-comments@1.0.4
21 silly currentTree ├── supports-color@0.2.0
21 silly currentTree ├─┬ systemjs-builder@0.14.15
21 silly currentTree │ ├── bluebird@3.5.0
21 silly currentTree │ └── glob@6.0.4
21 silly currentTree ├── systemjs@0.19.9
21 silly currentTree ├── tar@2.2.1
21 silly currentTree ├── tough-cookie@2.3.3
21 silly currentTree ├─┬ traceur@0.0.93
21 silly currentTree │ ├── glob@4.3.5
21 silly currentTree │ └── semver@2.3.2
21 silly currentTree ├── tunnel-agent@0.6.0
21 silly currentTree ├── tweetnacl@0.14.5
21 silly currentTree ├─┬ uglify-js@2.8.29
21 silly currentTree │ └── yargs@3.10.0
21 silly currentTree ├── uglify-to-browserify@1.0.2
21 silly currentTree ├── unc-path-regex@0.1.2
21 silly currentTree ├── util-deprecate@1.0.2
21 silly currentTree ├── utile@0.2.1
21 silly currentTree ├── uuid@2.0.3
21 silly currentTree ├── verror@1.10.0
21 silly currentTree ├─┬ vow-fs@0.3.6
21 silly currentTree │ ├── glob@7.1.2
21 silly currentTree │ └── minimatch@3.0.4
21 silly currentTree ├── vow-queue@0.4.2
21 silly currentTree ├── vow@0.4.16
21 silly currentTree ├── when@3.7.8
21 silly currentTree ├── which@1.3.0
21 silly currentTree ├── window-size@0.1.0
21 silly currentTree ├─┬ winston@0.8.3
21 silly currentTree │ ├── colors@0.6.2
21 silly currentTree │ └── pkginfo@0.3.1
21 silly currentTree ├── wordwrap@0.0.2
21 silly currentTree ├── wrappy@1.0.2
21 silly currentTree ├─┬ xmlbuilder@2.6.5
21 silly currentTree │ └── lodash@3.10.1
21 silly currentTree ├── xtend@4.0.1
21 silly currentTree ├── yargs@1.3.3
21 silly currentTree └── yauzl@2.8.0
22 silly idealTree kahuna
22 silly idealTree ├── ajv@5.2.3
22 silly idealTree ├── align-text@0.1.4
22 silly idealTree ├── amdefine@1.0.1
22 silly idealTree ├── ansi-regex@0.2.1
22 silly idealTree ├── ansi-styles@1.1.0
22 silly idealTree ├── arr-diff@2.0.0
22 silly idealTree ├── arr-flatten@1.1.0
22 silly idealTree ├── array-each@1.0.1
22 silly idealTree ├── array-slice@1.0.0
22 silly idealTree ├── array-unique@0.2.1
22 silly idealTree ├── asap@1.0.0
22 silly idealTree ├── asn1@0.2.3
22 silly idealTree ├── assert-plus@1.0.0
22 silly idealTree ├── async@0.2.10
22 silly idealTree ├── asynckit@0.4.0
22 silly idealTree ├── aws-sign2@0.7.0
22 silly idealTree ├── aws4@1.6.0
22 silly idealTree ├── balanced-match@1.0.0
22 silly idealTree ├── bcrypt-pbkdf@1.0.1
22 silly idealTree ├─┬ bl@0.9.5
22 silly idealTree │ ├── isarray@0.0.1
22 silly idealTree │ ├── readable-stream@1.0.34
22 silly idealTree │ └── string_decoder@0.10.31
22 silly idealTree ├── block-stream@0.0.9
22 silly idealTree ├── bluebird@2.11.0
22 silly idealTree ├── boom@4.3.1
22 silly idealTree ├── brace-expansion@1.1.8
22 silly idealTree ├── braces@1.8.5
22 silly idealTree ├── buffer-crc32@0.2.13
22 silly idealTree ├─┬ bulk-require@0.2.1
22 silly idealTree │ ├── glob@3.2.11
22 silly idealTree │ └── minimatch@0.3.0
22 silly idealTree ├── camelcase@1.2.1
22 silly idealTree ├── caseless@0.12.0
22 silly idealTree ├── center-align@0.1.3
22 silly idealTree ├── chalk@0.5.1
22 silly idealTree ├── cjson@0.3.3
22 silly idealTree ├── cli-table@0.3.1
22 silly idealTree ├─┬ cli@1.0.1
22 silly idealTree │ ├── glob@7.1.2
22 silly idealTree │ └── minimatch@3.0.4
22 silly idealTree ├── cliui@2.1.0
22 silly idealTree ├── co@4.6.0
22 silly idealTree ├── colors@1.0.3
22 silly idealTree ├── combined-stream@1.0.5
22 silly idealTree ├── commander@2.6.0
22 silly idealTree ├── concat-map@0.0.1
22 silly idealTree ├── console-browserify@1.1.0
22 silly idealTree ├── core-js@1.2.7
22 silly idealTree ├── core-util-is@1.0.2
22 silly idealTree ├─┬ cryptiles@3.1.2
22 silly idealTree │ └── boom@5.2.0
22 silly idealTree ├── ctype@0.5.3
22 silly idealTree ├── cycle@1.0.3
22 silly idealTree ├── d@1.0.0
22 silly idealTree ├── dashdash@1.14.1
22 silly idealTree ├── date-now@0.1.4
22 silly idealTree ├── decamelize@1.2.0
22 silly idealTree ├── deep-equal@1.0.1
22 silly idealTree ├── delayed-stream@1.0.0
22 silly idealTree ├── detect-file@0.1.0
22 silly idealTree ├─┬ dom-serializer@0.1.0
22 silly idealTree │ └── domelementtype@1.1.3
22 silly idealTree ├── domelementtype@1.3.0
22 silly idealTree ├── domhandler@2.4.1
22 silly idealTree ├── domutils@1.6.2
22 silly idealTree ├── ecc-jsbn@0.1.1
22 silly idealTree ├── entities@1.1.1
22 silly idealTree ├── err-code@1.1.2
22 silly idealTree ├── es5-ext@0.10.30
22 silly idealTree ├── es6-iterator@2.0.1
22 silly idealTree ├── es6-module-loader@0.17.11
22 silly idealTree ├── es6-symbol@3.1.1
22 silly idealTree ├── es6-template-strings@2.0.1
22 silly idealTree ├── escape-string-regexp@1.0.5
22 silly idealTree ├── esniff@1.1.0
22 silly idealTree ├── esprima-harmony-jscs@1.1.0-bin
22 silly idealTree ├── esprima@1.2.5
22 silly idealTree ├── estraverse@1.9.3
22 silly idealTree ├── exit@0.1.2
22 silly idealTree ├── expand-brackets@0.1.5
22 silly idealTree ├── expand-range@1.8.2
22 silly idealTree ├── expand-tilde@1.2.2
22 silly idealTree ├── extend@1.3.0
22 silly idealTree ├── extglob@0.3.2
22 silly idealTree ├── extsprintf@1.3.0
22 silly idealTree ├── eyes@0.1.8
22 silly idealTree ├── fast-deep-equal@1.0.0
22 silly idealTree ├── fd-slicer@1.0.1
22 silly idealTree ├── filename-regex@2.0.1
22 silly idealTree ├── fill-range@2.2.3
22 silly idealTree ├─┬ findup-sync@0.1.3
22 silly idealTree │ ├── glob@3.2.11
22 silly idealTree │ └── minimatch@0.3.0
22 silly idealTree ├─┬ fined@1.1.0
22 silly idealTree │ └── expand-tilde@2.0.2
22 silly idealTree ├── flagged-respawn@0.3.2
22 silly idealTree ├── for-in@1.0.2
22 silly idealTree ├── for-own@0.1.5
22 silly idealTree ├── forever-agent@0.6.1
22 silly idealTree ├── form-data@2.3.1
22 silly idealTree ├── fs-exists-sync@0.1.0
22 silly idealTree ├── fs.realpath@1.0.0
22 silly idealTree ├── fstream@1.0.11
22 silly idealTree ├── generate-function@2.0.0
22 silly idealTree ├── generate-object-property@1.2.0
22 silly idealTree ├── get-stdin@4.0.1
22 silly idealTree ├── getpass@0.1.7
22 silly idealTree ├── glob-base@0.3.0
22 silly idealTree ├── glob-parent@2.0.0
22 silly idealTree ├── glob@4.5.3
22 silly idealTree ├── global-modules@0.2.3
22 silly idealTree ├── global-prefix@0.1.5
22 silly idealTree ├── graceful-fs@4.1.11
22 silly idealTree ├── har-schema@2.0.0
22 silly idealTree ├── har-validator@5.0.3
22 silly idealTree ├── has-ansi@0.1.0
22 silly idealTree ├── hawk@6.0.2
22 silly idealTree ├── hoek@4.2.0
22 silly idealTree ├── homedir-polyfill@1.0.1
22 silly idealTree ├── htmllint-cli@0.0.4
22 silly idealTree ├── htmllint@0.2.7
22 silly idealTree ├── htmlparser2@3.9.2
22 silly idealTree ├── http-signature@1.2.0
22 silly idealTree ├── i@0.3.6
22 silly idealTree ├── inflight@1.0.6
22 silly idealTree ├── inherits@2.0.3
22 silly idealTree ├── ini@1.3.4
22 silly idealTree ├── is-absolute@0.2.6
22 silly idealTree ├── is-buffer@1.1.5
22 silly idealTree ├── is-dotfile@1.0.3
22 silly idealTree ├── is-equal-shallow@0.1.3
22 silly idealTree ├── is-extendable@0.1.1
22 silly idealTree ├── is-extglob@1.0.0
22 silly idealTree ├── is-glob@2.0.1
22 silly idealTree ├── is-my-json-valid@2.16.1
22 silly idealTree ├── is-number@2.1.0
22 silly idealTree ├─┬ is-plain-object@2.0.4
22 silly idealTree │ └── isobject@3.0.1
22 silly idealTree ├── is-posix-bracket@0.1.1
22 silly idealTree ├── is-primitive@2.0.0
22 silly idealTree ├── is-property@1.0.2
22 silly idealTree ├── is-relative@0.2.1
22 silly idealTree ├── is-typedarray@1.0.0
22 silly idealTree ├── is-unc-path@0.1.2
22 silly idealTree ├── is-windows@0.2.0
22 silly idealTree ├── is@0.2.7
22 silly idealTree ├── isarray@1.0.0
22 silly idealTree ├── isexe@2.0.0
22 silly idealTree ├── isobject@2.1.0
22 silly idealTree ├── isstream@0.1.2
22 silly idealTree ├── jju@1.3.0
22 silly idealTree ├── jsbn@0.1.1
22 silly idealTree ├─┬ jscs@1.13.1
22 silly idealTree │ ├── ansi-regex@1.1.1
22 silly idealTree │ ├── ansi-styles@2.2.1
22 silly idealTree │ ├── chalk@1.0.0
22 silly idealTree │ ├── glob@5.0.15
22 silly idealTree │ ├── has-ansi@1.0.3
22 silly idealTree │ ├── strip-ansi@2.0.1
22 silly idealTree │ └── supports-color@1.3.1
22 silly idealTree ├─┬ jshint@2.9.5
22 silly idealTree │ ├── domhandler@2.3.0
22 silly idealTree │ ├── domutils@1.5.1
22 silly idealTree │ ├── entities@1.0.0
22 silly idealTree │ ├── htmlparser2@3.8.3
22 silly idealTree │ ├── isarray@0.0.1
22 silly idealTree │ ├── lodash@3.7.0
22 silly idealTree │ ├── minimatch@3.0.4
22 silly idealTree │ ├── readable-stream@1.1.14
22 silly idealTree │ └── string_decoder@0.10.31
22 silly idealTree ├── json-parse-helpfulerror@1.0.3
22 silly idealTree ├── json-schema-traverse@0.3.1
22 silly idealTree ├── json-schema@0.2.3
22 silly idealTree ├── json-stable-stringify@1.0.1
22 silly idealTree ├── json-stringify-safe@5.0.1
22 silly idealTree ├── jsonify@0.0.0
22 silly idealTree ├── jsonpointer@4.0.1
22 silly idealTree ├─┬ jspm-github@0.13.18
22 silly idealTree │ └── semver@5.4.1
22 silly idealTree ├─┬ jspm-npm@0.25.3
22 silly idealTree │ ├── ansi-regex@2.1.1
22 silly idealTree │ ├── ansi-styles@2.2.1
22 silly idealTree │ ├── asn1@0.1.11
22 silly idealTree │ ├── assert-plus@0.1.5
22 silly idealTree │ ├── async@2.5.0
22 silly idealTree │ ├── aws-sign2@0.5.0
22 silly idealTree │ ├── boom@2.10.1
22 silly idealTree │ ├── caseless@0.10.0
22 silly idealTree │ ├── chalk@1.1.3
22 silly idealTree │ ├── commander@2.11.0
22 silly idealTree │ ├── cryptiles@2.0.5
22 silly idealTree │ ├── extend@2.0.1
22 silly idealTree │ ├─┬ form-data@1.0.1
22 silly idealTree │ │ └── mime-types@2.1.17
22 silly idealTree │ ├── glob@5.0.15
22 silly idealTree │ ├── graceful-fs@3.0.11
22 silly idealTree │ ├── har-validator@1.8.0
22 silly idealTree │ ├── has-ansi@2.0.0
22 silly idealTree │ ├── hawk@2.3.1
22 silly idealTree │ ├── hoek@2.16.3
22 silly idealTree │ ├── http-signature@0.11.0
22 silly idealTree │ ├── lodash@4.17.4
22 silly idealTree │ ├─┬ mime-types@2.0.14
22 silly idealTree │ │ └── mime-db@1.12.0
22 silly idealTree │ ├── qs@3.1.0
22 silly idealTree │ ├── request@2.58.0
22 silly idealTree │ ├── resolve@1.4.0
22 silly idealTree │ ├── semver@5.4.1
22 silly idealTree │ ├── sntp@1.0.9
22 silly idealTree │ ├── strip-ansi@3.0.1
22 silly idealTree │ ├── supports-color@2.0.0
22 silly idealTree │ ├── tar@1.0.3
22 silly idealTree │ └── tunnel-agent@0.4.3
22 silly idealTree ├── jspm-registry@0.4.4
22 silly idealTree ├─┬ jspm@0.16.19
22 silly idealTree │ ├── ansi-regex@2.1.1
22 silly idealTree │ ├── ansi-styles@2.2.1
22 silly idealTree │ ├── chalk@1.1.3
22 silly idealTree │ ├── extend@3.0.1
22 silly idealTree │ ├── findup-sync@0.4.3
22 silly idealTree │ ├── glob@6.0.4
22 silly idealTree │ ├── has-ansi@2.0.0
22 silly idealTree │ ├── liftoff@2.3.0
22 silly idealTree │ ├── minimatch@3.0.4
22 silly idealTree │ ├── ncp@2.0.0
22 silly idealTree │ ├── resolve@1.4.0
22 silly idealTree │ ├── semver@5.4.1
22 silly idealTree │ ├── strip-ansi@3.0.1
22 silly idealTree │ └── supports-color@2.0.0
22 silly idealTree ├── jsprim@1.4.1
22 silly idealTree ├── kind-of@3.2.2
22 silly idealTree ├── lazy-cache@1.0.4
22 silly idealTree ├── liftoff@0.12.1
22 silly idealTree ├── lodash._baseassign@3.2.0
22 silly idealTree ├── lodash._basecopy@3.0.1
22 silly idealTree ├── lodash._bindcallback@3.0.1
22 silly idealTree ├── lodash._createassigner@3.1.1
22 silly idealTree ├── lodash._getnative@3.9.1
22 silly idealTree ├── lodash._isiterateecall@3.0.9
22 silly idealTree ├── lodash.assign@3.0.0
22 silly idealTree ├── lodash.isarguments@3.1.0
22 silly idealTree ├── lodash.isarray@3.0.4
22 silly idealTree ├── lodash.isplainobject@4.0.6
22 silly idealTree ├── lodash.isstring@4.0.1
22 silly idealTree ├── lodash.keys@3.1.2
22 silly idealTree ├── lodash.mapvalues@4.6.0
22 silly idealTree ├── lodash.restparam@3.6.1
22 silly idealTree ├── lodash@2.4.2
22 silly idealTree ├── longest@1.0.1
22 silly idealTree ├── lru-cache@2.7.3
22 silly idealTree ├── map-cache@0.2.2
22 silly idealTree ├── micromatch@2.3.11
22 silly idealTree ├── mime-db@1.30.0
22 silly idealTree ├── mime-types@2.1.17
22 silly idealTree ├── minimatch@2.0.10
22 silly idealTree ├── minimist@0.2.0
22 silly idealTree ├─┬ mkdirp@0.5.1
22 silly idealTree │ └── minimist@0.0.8
22 silly idealTree ├── mute-stream@0.0.7
22 silly idealTree ├── natives@1.1.0
22 silly idealTree ├── ncp@0.4.2
22 silly idealTree ├── netrc@0.1.4
22 silly idealTree ├── node-uuid@1.4.8
22 silly idealTree ├── node.extend@1.0.8
22 silly idealTree ├── node.flow@1.2.3
22 silly idealTree ├── normalize-path@2.1.1
22 silly idealTree ├── oauth-sign@0.8.2
22 silly idealTree ├── object-keys@0.4.0
22 silly idealTree ├─┬ object.defaults@1.1.0
22 silly idealTree │ ├── for-own@1.0.0
22 silly idealTree │ └── isobject@3.0.1
22 silly idealTree ├── object.omit@2.0.1
22 silly idealTree ├─┬ object.pick@1.3.0
22 silly idealTree │ └── isobject@3.0.1
22 silly idealTree ├── once@1.4.0
22 silly idealTree ├── os-homedir@1.0.2
22 silly idealTree ├── parse-filepath@1.0.1
22 silly idealTree ├── parse-glob@3.0.4
22 silly idealTree ├── parse-passwd@1.0.0
22 silly idealTree ├── path-is-absolute@1.0.1
22 silly idealTree ├── path-parse@1.0.5
22 silly idealTree ├── path-root-regex@0.1.2
22 silly idealTree ├── path-root@0.1.1
22 silly idealTree ├── pathval@0.1.1
22 silly idealTree ├── pend@1.2.0
22 silly idealTree ├── performance-now@2.1.0
22 silly idealTree ├── pkginfo@0.4.1
22 silly idealTree ├── preserve@0.2.0
22 silly idealTree ├── process-nextick-args@1.0.7
22 silly idealTree ├── promise@6.1.0
22 silly idealTree ├── prompt@0.2.14
22 silly idealTree ├─┬ proper-lockfile@1.2.0
22 silly idealTree │ └── extend@3.0.1
22 silly idealTree ├── punycode@1.4.1
22 silly idealTree ├── qs@6.5.1
22 silly idealTree ├─┬ randomatic@1.1.7
22 silly idealTree │ ├─┬ is-number@3.0.0
22 silly idealTree │ │ └── kind-of@3.2.2
22 silly idealTree │ └── kind-of@4.0.0
22 silly idealTree ├── read@1.0.7
22 silly idealTree ├── readable-stream@2.3.3
22 silly idealTree ├─┬ rechoir@0.6.2
22 silly idealTree │ └── resolve@1.4.0
22 silly idealTree ├── regex-cache@0.4.4
22 silly idealTree ├── remove-trailing-separator@1.1.0
22 silly idealTree ├── repeat-element@1.1.2
22 silly idealTree ├── repeat-string@1.6.1
22 silly idealTree ├─┬ request@2.83.0
22 silly idealTree │ ├── extend@3.0.1
22 silly idealTree │ └── uuid@3.1.0
22 silly idealTree ├── resolve-dir@0.1.1
22 silly idealTree ├── resolve@0.7.4
22 silly idealTree ├── retry@0.10.1
22 silly idealTree ├── revalidator@0.1.8
22 silly idealTree ├── right-align@0.1.3
22 silly idealTree ├─┬ rimraf@2.6.2
22 silly idealTree │ ├── glob@7.1.2
22 silly idealTree │ └── minimatch@3.0.4
22 silly idealTree ├── rmdir@1.1.0
22 silly idealTree ├── rsvp@3.6.2
22 silly idealTree ├── safe-buffer@5.1.1
22 silly idealTree ├── semver@4.3.6
22 silly idealTree ├── shelljs@0.3.0
22 silly idealTree ├── sigmund@1.0.1
22 silly idealTree ├── sntp@2.0.2
22 silly idealTree ├─┬ source-map-support@0.2.10
22 silly idealTree │ └── source-map@0.1.32
22 silly idealTree ├── source-map@0.5.7
22 silly idealTree ├── sshpk@1.13.1
22 silly idealTree ├── stack-trace@0.0.10
22 silly idealTree ├── string_decoder@1.0.3
22 silly idealTree ├── stringstream@0.0.5
22 silly idealTree ├── strip-ansi@0.3.0
22 silly idealTree ├── strip-json-comments@1.0.4
22 silly idealTree ├── supports-color@0.2.0
22 silly idealTree ├─┬ systemjs-builder@0.14.15
22 silly idealTree │ ├── bluebird@3.5.0
22 silly idealTree │ └── glob@6.0.4
22 silly idealTree ├── systemjs@0.19.9
22 silly idealTree ├── tar@2.2.1
22 silly idealTree ├── tough-cookie@2.3.3
22 silly idealTree ├─┬ traceur@0.0.93
22 silly idealTree │ ├── glob@4.3.5
22 silly idealTree │ └── semver@2.3.2
22 silly idealTree ├── tunnel-agent@0.6.0
22 silly idealTree ├── tweetnacl@0.14.5
22 silly idealTree ├─┬ uglify-js@2.8.29
22 silly idealTree │ └── yargs@3.10.0
22 silly idealTree ├── uglify-to-browserify@1.0.2
22 silly idealTree ├── unc-path-regex@0.1.2
22 silly idealTree ├── util-deprecate@1.0.2
22 silly idealTree ├── utile@0.2.1
22 silly idealTree ├── uuid@2.0.3
22 silly idealTree ├── verror@1.10.0
22 silly idealTree ├─┬ vow-fs@0.3.6
22 silly idealTree │ ├── glob@7.1.2
22 silly idealTree │ └── minimatch@3.0.4
22 silly idealTree ├── vow-queue@0.4.2
22 silly idealTree ├── vow@0.4.16
22 silly idealTree ├── when@3.7.8
22 silly idealTree ├── which@1.3.0
22 silly idealTree ├── window-size@0.1.0
22 silly idealTree ├─┬ winston@0.8.3
22 silly idealTree │ ├── colors@0.6.2
22 silly idealTree │ └── pkginfo@0.3.1
22 silly idealTree ├── wordwrap@0.0.2
22 silly idealTree ├── wrappy@1.0.2
22 silly idealTree ├─┬ xmlbuilder@2.6.5
22 silly idealTree │ └── lodash@3.10.1
22 silly idealTree ├── xtend@4.0.1
22 silly idealTree ├── yargs@1.3.3
22 silly idealTree └── yauzl@2.8.0
23 silly generateActionsToTake Starting
24 silly install generateActionsToTake
25 silly generateActionsToTake Finishing
26 silly diffTrees action count 0
27 silly decomposeActions action count 0
28 silly runTopLevelLifecycles Starting
29 silly install runPreinstallTopLevelLifecycles
30 silly preinstall kahuna /Users/antonio_voce/dev/grid/kahuna/kahuna-e78a58e1
31 info lifecycle undefined~preinstall: undefined
32 silly lifecycle undefined~preinstall: no script for preinstall, continuing
33 silly executeActions Starting
34 silly install executeActions
35 silly doSerial global-install 0
36 silly doParallel fetch 0
37 verbose correctMkdir /Users/antonio_voce/.npm/_locks correctMkdir not in flight; initializing
38 verbose lock using /Users/antonio_voce/.npm/_locks/staging-3366c701df123781.lock for /Users/antonio_voce/dev/grid/kahuna/node_modules/.staging
39 silly doParallel extract 0
40 silly doParallel preinstall 0
41 silly doReverseSerial remove 0
42 silly doSerial move 0
43 silly doSerial finalize 0
44 silly doSerial build 0
45 silly doSerial global-link 0
46 silly doParallel update-linked 0
47 silly doSerial install 0
48 silly doSerial postinstall 0
49 verbose unlock done using /Users/antonio_voce/.npm/_locks/staging-3366c701df123781.lock for /Users/antonio_voce/dev/grid/kahuna/node_modules/.staging
50 silly executeActions Finishing
51 silly rollbackFailedOptional Starting
52 silly rollbackFailedOptional Finishing
53 silly install runPostinstallTopLevelLifecycles
54 silly build kahuna
55 info linkStuff !invalid#1
56 silly linkStuff !invalid#1 has /Users/antonio_voce/dev/grid as its parent node_modules
57 verbose linkBins !invalid#1
58 verbose linkMans !invalid#1
59 silly install kahuna /Users/antonio_voce/dev/grid/kahuna/kahuna-e78a58e1
60 info lifecycle undefined~install: undefined
61 silly lifecycle undefined~install: no script for install, continuing
62 silly postinstall kahuna /Users/antonio_voce/dev/grid/kahuna/kahuna-e78a58e1
63 info lifecycle undefined~postinstall: undefined
64 verbose lifecycle undefined~postinstall: unsafe-perm in lifecycle true
65 verbose lifecycle undefined~postinstall: PATH: /Users/antonio_voce/.nvm/versions/node/v6.11.3/lib/node_modules/npm/bin/node-gyp-bin:/Users/antonio_voce/dev/grid/kahuna/node_modules/.bin:/Users/antonio_voce/.nvm/versions/node/v6.11.3/bin:/Users/antonio_voce/.rvm/gems/ruby-2.4.1/bin:/Users/antonio_voce/.rvm/gems/ruby-2.4.1@global/bin:/Users/antonio_voce/.rvm/rubies/ruby-2.4.1/bin:/Users/antonio_voce/.oh-my-zsh/custom/plugins/git-open:/usr/local/bin:/usr/bin:/bin:/usr/sbin:/sbin:/usr/local/MacGPG2/bin:/Users/antonio_voce/.rvm/bin
66 verbose lifecycle undefined~postinstall: CWD: /Users/antonio_voce/dev/grid/kahuna
67 silly lifecycle undefined~postinstall: Args: [ '-c', 'jspm install' ]
68 silly lifecycle undefined~postinstall: Returned: code: 1  signal: null
69 info lifecycle undefined~postinstall: Failed to exec postinstall script
70 verbose stack Error: undefined postinstall: `jspm install`
70 verbose stack Exit status 1
70 verbose stack     at EventEmitter.<anonymous> (/Users/antonio_voce/.nvm/versions/node/v6.11.3/lib/node_modules/npm/lib/utils/lifecycle.js:255:16)
70 verbose stack     at emitTwo (events.js:106:13)
70 verbose stack     at EventEmitter.emit (events.js:191:7)
70 verbose stack     at ChildProcess.<anonymous> (/Users/antonio_voce/.nvm/versions/node/v6.11.3/lib/node_modules/npm/lib/utils/spawn.js:40:14)
70 verbose stack     at emitTwo (events.js:106:13)
70 verbose stack     at ChildProcess.emit (events.js:191:7)
70 verbose stack     at maybeClose (internal/child_process.js:920:16)
70 verbose stack     at Process.ChildProcess._handle.onexit (internal/child_process.js:230:5)
71 verbose cwd /Users/antonio_voce/dev/grid/kahuna
72 error Darwin 17.0.0
73 error argv "/Users/antonio_voce/.nvm/versions/node/v6.11.3/bin/node" "/Users/antonio_voce/.nvm/versions/node/v6.11.3/bin/npm" "install"
74 error node v6.11.3
75 error npm  v3.10.10
76 error code ELIFECYCLE
77 error undefined postinstall: `jspm install`
77 error Exit status 1
78 error Failed at the undefined postinstall script 'jspm install'.
78 error Make sure you have the latest version of node.js and npm installed.
78 error If you do, this is most likely a problem with the  package,
78 error not with npm itself.
78 error Tell the author that this fails on your system:
78 error     jspm install
78 error You can get information on how to open an issue for this project with:
78 error     npm bugs
78 error Or if that isn't available, you can get their info via:
78 error     npm owner ls
78 error There is likely additional logging output above.
79 verbose exit [ 1, true ]
